  Gameover.cpp
C:\Game Development\C++\SnakeGame\SnakeGame\Gameover.cpp(30,63): warning C4244: 'argument': conversion from 'T' to 'float', possible loss of data
C:\Game Development\C++\SnakeGame\SnakeGame\Gameover.cpp(30,63): warning C4244:         with
C:\Game Development\C++\SnakeGame\SnakeGame\Gameover.cpp(30,63): warning C4244:         [
C:\Game Development\C++\SnakeGame\SnakeGame\Gameover.cpp(30,63): warning C4244:             T=unsigned int
C:\Game Development\C++\SnakeGame\SnakeGame\Gameover.cpp(30,63): warning C4244:         ]
C:\Game Development\C++\SnakeGame\SnakeGame\Gameover.cpp(43,61): warning C4244: 'argument': conversion from 'T' to 'float', possible loss of data
C:\Game Development\C++\SnakeGame\SnakeGame\Gameover.cpp(43,61): warning C4244:         with
C:\Game Development\C++\SnakeGame\SnakeGame\Gameover.cpp(43,61): warning C4244:         [
C:\Game Development\C++\SnakeGame\SnakeGame\Gameover.cpp(43,61): warning C4244:             T=unsigned int
C:\Game Development\C++\SnakeGame\SnakeGame\Gameover.cpp(43,61): warning C4244:         ]
C:\Game Development\C++\SnakeGame\SnakeGame\Gameover.cpp(60,60): warning C4244: 'argument': conversion from 'T' to 'float', possible loss of data
C:\Game Development\C++\SnakeGame\SnakeGame\Gameover.cpp(60,60): warning C4244:         with
C:\Game Development\C++\SnakeGame\SnakeGame\Gameover.cpp(60,60): warning C4244:         [
C:\Game Development\C++\SnakeGame\SnakeGame\Gameover.cpp(60,60): warning C4244:             T=unsigned int
C:\Game Development\C++\SnakeGame\SnakeGame\Gameover.cpp(60,60): warning C4244:         ]
  Gameplay.cpp
C:\Game Development\C++\SnakeGame\SnakeGame\Gameplay.cpp(30,12): warning C4244: 'argument': conversion from 'time_t' to 'unsigned int', possible loss of data
C:\Game Development\C++\SnakeGame\SnakeGame\Gameplay.cpp(57,61): warning C4244: 'argument': conversion from 'T' to 'float', possible loss of data
C:\Game Development\C++\SnakeGame\SnakeGame\Gameplay.cpp(57,61): warning C4244:         with
C:\Game Development\C++\SnakeGame\SnakeGame\Gameplay.cpp(57,61): warning C4244:         [
C:\Game Development\C++\SnakeGame\SnakeGame\Gameplay.cpp(57,61): warning C4244:             T=unsigned int
C:\Game Development\C++\SnakeGame\SnakeGame\Gameplay.cpp(57,61): warning C4244:         ]
C:\Game Development\C++\SnakeGame\SnakeGame\Gameplay.cpp(61,58): warning C4244: 'argument': conversion from 'T' to 'float', possible loss of data
C:\Game Development\C++\SnakeGame\SnakeGame\Gameplay.cpp(61,58): warning C4244:         with
C:\Game Development\C++\SnakeGame\SnakeGame\Gameplay.cpp(61,58): warning C4244:         [
C:\Game Development\C++\SnakeGame\SnakeGame\Gameplay.cpp(61,58): warning C4244:             T=unsigned int
C:\Game Development\C++\SnakeGame\SnakeGame\Gameplay.cpp(61,58): warning C4244:         ]
C:\Game Development\C++\SnakeGame\SnakeGame\Gameplay.cpp(67,92): warning C4244: 'argument': conversion from 'T' to 'float', possible loss of data
C:\Game Development\C++\SnakeGame\SnakeGame\Gameplay.cpp(67,92): warning C4244:         with
C:\Game Development\C++\SnakeGame\SnakeGame\Gameplay.cpp(67,92): warning C4244:         [
C:\Game Development\C++\SnakeGame\SnakeGame\Gameplay.cpp(67,92): warning C4244:             T=unsigned int
C:\Game Development\C++\SnakeGame\SnakeGame\Gameplay.cpp(67,92): warning C4244:         ]
C:\Game Development\C++\SnakeGame\SnakeGame\Gameplay.cpp(67,54): warning C4244: 'argument': conversion from 'T' to 'float', possible loss of data
C:\Game Development\C++\SnakeGame\SnakeGame\Gameplay.cpp(67,54): warning C4244:         with
C:\Game Development\C++\SnakeGame\SnakeGame\Gameplay.cpp(67,54): warning C4244:         [
C:\Game Development\C++\SnakeGame\SnakeGame\Gameplay.cpp(67,54): warning C4244:             T=unsigned int
C:\Game Development\C++\SnakeGame\SnakeGame\Gameplay.cpp(67,54): warning C4244:         ]
C:\Game Development\C++\SnakeGame\SnakeGame\Gameplay.cpp(154,26): warning C4244: 'argument': conversion from 'int' to 'float', possible loss of data
C:\Game Development\C++\SnakeGame\SnakeGame\Gameplay.cpp(154,23): warning C4244: 'argument': conversion from 'int' to 'float', possible loss of data
  Generating Code...
  SnakeGame.vcxproj -> C:\Game Development\C++\SnakeGame\x64\Debug\SnakeGame.exe
